D:\4220GROUP\RAILS CODE\NED3D\DEBUG\BULLETOBJECT.OBJ
D:\4220GROUP\RAILS CODE\NED3D\DEBUG\CROWOBJECT.OBJ
D:\4220GROUP\RAILS CODE\NED3D\DEBUG\GAME.OBJ
D:\4220GROUP\RAILS CODE\NED3D\DEBUG\GRID.OBJ
D:\4220GROUP\RAILS CODE\NED3D\DEBUG\NED3DOBJECTMANAGER.OBJ
D:\4220GROUP\RAILS CODE\NED3D\DEBUG\PLANEOBJECT.OBJ
D:\4220GROUP\RAILS CODE\NED3D\DEBUG\SILOOBJECT.OBJ
D:\4220GROUP\RAILS CODE\NED3D\DEBUG\STATEINTRO.OBJ
D:\4220GROUP\RAILS CODE\NED3D\DEBUG\STATEMENU.OBJ
D:\4220GROUP\RAILS CODE\NED3D\DEBUG\STATEPLAYING.OBJ
D:\4220GROUP\RAILS CODE\NED3D\DEBUG\TERRAINOBJECT.OBJ
D:\4220GROUP\RAILS CODE\NED3D\DEBUG\TIMER.OBJ
D:\4220GROUP\RAILS CODE\NED3D\DEBUG\WATEROBJECT.OBJ
D:\4220GROUP\RAILS CODE\NED3D\DEBUG\WINDMILLOBJECT.OBJ
D:\4220GROUP\RAILS CODE\NED3D\DEBUG\WINMAIN.OBJ
D:\4220GROUP\RAILS CODE\NED3D\DEBUG\VC110.PDB
D:\4220GROUP\RAILS CODE\NED3D\DEBUG\NED3D.ILK
D:\4220GROUP\RAILS CODE\NED3D\DEBUG\NED3D.EXE
D:\4220GROUP\RAILS CODE\NED3D\DEBUG\NED3D.PDB
D:\4220group\Rails Code\Ned3D\Debug\BulletObject.obj
D:\4220group\Rails Code\Ned3D\Debug\CrowObject.obj
D:\4220group\Rails Code\Ned3D\Debug\Game.obj
D:\4220group\Rails Code\Ned3D\Debug\Grid.obj
D:\4220group\Rails Code\Ned3D\Debug\Ned3DObjectManager.obj
D:\4220group\Rails Code\Ned3D\Debug\PlaneObject.obj
D:\4220group\Rails Code\Ned3D\Debug\SiloObject.obj
D:\4220group\Rails Code\Ned3D\Debug\StateIntro.obj
D:\4220group\Rails Code\Ned3D\Debug\StateMenu.obj
D:\4220group\Rails Code\Ned3D\Debug\StatePlaying.obj
D:\4220group\Rails Code\Ned3D\Debug\TerrainObject.obj
D:\4220group\Rails Code\Ned3D\Debug\Timer.obj
D:\4220group\Rails Code\Ned3D\Debug\WaterObject.obj
D:\4220group\Rails Code\Ned3D\Debug\WindmillObject.obj
D:\4220group\Rails Code\Ned3D\Debug\WinMain.obj
D:\4220group\Rails Code\Ned3D\Debug\Ned3D.ilk
D:\4220group\Rails Code\Ned3D\Debug\cl.command.1.tlog
D:\4220group\Rails Code\Ned3D\Debug\CL.read.1.tlog
D:\4220group\Rails Code\Ned3D\Debug\CL.write.1.tlog
D:\4220group\Rails Code\Ned3D\Debug\link-cvtres.read.1.tlog
D:\4220group\Rails Code\Ned3D\Debug\link-cvtres.write.1.tlog
D:\4220group\Rails Code\Ned3D\Debug\link-rc.read.1.tlog
D:\4220group\Rails Code\Ned3D\Debug\link-rc.write.1.tlog
D:\4220group\Rails Code\Ned3D\Debug\link.command.1.tlog
D:\4220group\Rails Code\Ned3D\Debug\link.read.1.tlog
D:\4220group\Rails Code\Ned3D\Debug\link.write.1.tlog
D:\4220group\Rails Code\Ned3D\Debug\vc110.idb
D:\4220group\Rails Code\Ned3D\Debug\Ned3D.pdb
D:\4220group\Rails Code\Ned3D\Debug\vc110.pdb
D:\4220group\Rails Code\Ned3D\Debug\Ned3D.exe
