D:\4220GROUP\RAILS CODE\SAGE\DEBUG\EFFECT.OBJ
D:\4220GROUP\RAILS CODE\SAGE\DEBUG\INDEXBUFFER.OBJ
D:\4220GROUP\RAILS CODE\SAGE\DEBUG\MODELMANAGER.OBJ
D:\4220GROUP\RAILS CODE\SAGE\DEBUG\VERTEXBUFFERBASE.OBJ
D:\4220GROUP\RAILS CODE\SAGE\DEBUG\RESOURCEBASE.OBJ
D:\4220GROUP\RAILS CODE\SAGE\DEBUG\RESOURCEMANAGER.OBJ
D:\4220GROUP\RAILS CODE\SAGE\DEBUG\REFLECTION.OBJ
D:\4220GROUP\RAILS CODE\SAGE\DEBUG\WATER.OBJ
D:\4220GROUP\RAILS CODE\SAGE\DEBUG\CONSOLE.OBJ
D:\4220GROUP\RAILS CODE\SAGE\DEBUG\CONSOLECOMMANDS.OBJ
D:\4220GROUP\RAILS CODE\SAGE\DEBUG\CONSOLECOMMENTENTRY.OBJ
D:\4220GROUP\RAILS CODE\SAGE\DEBUG\TEXTPARSER.OBJ
D:\4220GROUP\RAILS CODE\SAGE\DEBUG\TINYSTR.OBJ
D:\4220GROUP\RAILS CODE\SAGE\DEBUG\TINYXML.OBJ
D:\4220GROUP\RAILS CODE\SAGE\DEBUG\TINYXMLERROR.OBJ
D:\4220GROUP\RAILS CODE\SAGE\DEBUG\TINYXMLPARSER.OBJ
D:\4220GROUP\RAILS CODE\SAGE\DEBUG\ANIMATEDMODEL.OBJ
D:\4220GROUP\RAILS CODE\SAGE\DEBUG\ARTICULATEDMODEL.OBJ
D:\4220GROUP\RAILS CODE\SAGE\DEBUG\DIRECTORYMANAGER.OBJ
D:\4220GROUP\RAILS CODE\SAGE\DEBUG\WINDOWSWRAPPER.OBJ
D:\4220GROUP\RAILS CODE\SAGE\DEBUG\PLANE.OBJ
D:\4220GROUP\RAILS CODE\SAGE\DEBUG\QUATERNION.OBJ
D:\4220GROUP\RAILS CODE\SAGE\DEBUG\RANDOM.OBJ
D:\4220GROUP\RAILS CODE\SAGE\DEBUG\RENDERER.OBJ
D:\4220GROUP\RAILS CODE\SAGE\DEBUG\ROTATIONMATRIX.OBJ
D:\4220GROUP\RAILS CODE\SAGE\DEBUG\TEXTURECACHEENTRY.OBJ
D:\4220GROUP\RAILS CODE\SAGE\DEBUG\TRIMESH.OBJ
D:\4220GROUP\RAILS CODE\SAGE\DEBUG\FOLLOWCAMERA.OBJ
D:\4220GROUP\RAILS CODE\SAGE\DEBUG\INPUT.OBJ
D:\4220GROUP\RAILS CODE\SAGE\DEBUG\GAMEOBJECT.OBJ
D:\4220GROUP\RAILS CODE\SAGE\DEBUG\GAMEOBJECTMANAGER.OBJ
D:\4220GROUP\RAILS CODE\SAGE\DEBUG\HEIGHTMAP.OBJ
D:\4220GROUP\RAILS CODE\SAGE\DEBUG\TERRAIN.OBJ
D:\4220GROUP\RAILS CODE\SAGE\DEBUG\TERRAINSUBMESH.OBJ
D:\4220GROUP\RAILS CODE\SAGE\DEBUG\GAMEBASE.OBJ
D:\4220GROUP\RAILS CODE\SAGE\DEBUG\SOUNDMANAGER.OBJ
D:\4220GROUP\RAILS CODE\SAGE\DEBUG\PARTICLEDEFINES.OBJ
D:\4220GROUP\RAILS CODE\SAGE\DEBUG\PARTICLEEFFECT.OBJ
D:\4220GROUP\RAILS CODE\SAGE\DEBUG\PARTICLEENGINE.OBJ
D:\4220GROUP\RAILS CODE\SAGE\DEBUG\PARTICLESYSTEM.OBJ
D:\4220GROUP\RAILS CODE\SAGE\DEBUG\AABB3.OBJ
D:\4220GROUP\RAILS CODE\SAGE\DEBUG\BITMAP.OBJ
D:\4220GROUP\RAILS CODE\SAGE\DEBUG\CAMERA.OBJ
D:\4220GROUP\RAILS CODE\SAGE\DEBUG\COMMONSTUFF.OBJ
D:\4220GROUP\RAILS CODE\SAGE\DEBUG\EDITTRIMESH.OBJ
D:\4220GROUP\RAILS CODE\SAGE\DEBUG\EULERANGLES.OBJ
D:\4220GROUP\RAILS CODE\SAGE\DEBUG\FONTCACHEENTRY.OBJ
D:\4220GROUP\RAILS CODE\SAGE\DEBUG\MATHUTIL.OBJ
D:\4220GROUP\RAILS CODE\SAGE\DEBUG\MATRIX4X3.OBJ
D:\4220GROUP\RAILS CODE\SAGE\DEBUG\MODEL.OBJ
D:\4220GROUP\RAILS CODE\SAGE\DEBUG\VC110.PDB
D:\4220GROUP\RAILS CODE\SAGE\DEBUG\CONSOLEFUNCTIONENTRY1.OBJ
D:\4220GROUP\RAILS CODE\SAGE\DEBUG\IDGENERATOR1.OBJ
D:\4220GROUP\RAILS CODE\SAGE\DEBUG\NAMEGENERATOR1.OBJ
D:\4220GROUP\RAILS CODE\SAGE\DEBUG\FREECAMERA1.OBJ
D:\4220GROUP\RAILS CODE\SAGE\DEBUG\TETHERCAMERA1.OBJ
D:\4220GROUP\RAILS CODE\SAGE\DEBUG\SAGE.LIB
D:\4220group\Rails Code\SAGE\Debug\AABB3.obj
D:\4220group\Rails Code\SAGE\Debug\AnimatedModel.obj
D:\4220group\Rails Code\SAGE\Debug\ArticulatedModel.obj
D:\4220group\Rails Code\SAGE\Debug\Bitmap.obj
D:\4220group\Rails Code\SAGE\Debug\Camera.obj
D:\4220group\Rails Code\SAGE\Debug\CommonStuff.obj
D:\4220group\Rails Code\SAGE\Debug\Console.obj
D:\4220group\Rails Code\SAGE\Debug\ConsoleCommands.obj
D:\4220group\Rails Code\SAGE\Debug\ConsoleCommentEntry.obj
D:\4220group\Rails Code\SAGE\Debug\ConsoleFunctionEntry1.obj
D:\4220group\Rails Code\SAGE\Debug\DirectoryManager.obj
D:\4220group\Rails Code\SAGE\Debug\EditTriMesh.obj
D:\4220group\Rails Code\SAGE\Debug\Effect.obj
D:\4220group\Rails Code\SAGE\Debug\EulerAngles.obj
D:\4220group\Rails Code\SAGE\Debug\FollowCamera.obj
D:\4220group\Rails Code\SAGE\Debug\FontCacheEntry.obj
D:\4220group\Rails Code\SAGE\Debug\freecamera1.obj
D:\4220group\Rails Code\SAGE\Debug\GameBase.obj
D:\4220group\Rails Code\SAGE\Debug\GameObject.obj
D:\4220group\Rails Code\SAGE\Debug\GameObjectManager.obj
D:\4220group\Rails Code\SAGE\Debug\HeightMap.obj
D:\4220group\Rails Code\SAGE\Debug\IDGenerator1.obj
D:\4220group\Rails Code\SAGE\Debug\IndexBuffer.obj
D:\4220group\Rails Code\SAGE\Debug\Input.obj
D:\4220group\Rails Code\SAGE\Debug\MathUtil.obj
D:\4220group\Rails Code\SAGE\Debug\Matrix4x3.obj
D:\4220group\Rails Code\SAGE\Debug\Model.obj
D:\4220group\Rails Code\SAGE\Debug\ModelManager.obj
D:\4220group\Rails Code\SAGE\Debug\NameGenerator1.obj
D:\4220group\Rails Code\SAGE\Debug\ParticleDefines.obj
D:\4220group\Rails Code\SAGE\Debug\ParticleEffect.obj
D:\4220group\Rails Code\SAGE\Debug\ParticleEngine.obj
D:\4220group\Rails Code\SAGE\Debug\ParticleSystem.obj
D:\4220group\Rails Code\SAGE\Debug\plane.obj
D:\4220group\Rails Code\SAGE\Debug\Quaternion.obj
D:\4220group\Rails Code\SAGE\Debug\Random.obj
D:\4220group\Rails Code\SAGE\Debug\Reflection.obj
D:\4220group\Rails Code\SAGE\Debug\Renderer.obj
D:\4220group\Rails Code\SAGE\Debug\ResourceBase.obj
D:\4220group\Rails Code\SAGE\Debug\ResourceManager.obj
D:\4220group\Rails Code\SAGE\Debug\RotationMatrix.obj
D:\4220group\Rails Code\SAGE\Debug\SoundManager.obj
D:\4220group\Rails Code\SAGE\Debug\Terrain.obj
D:\4220group\Rails Code\SAGE\Debug\TerrainSubmesh.obj
D:\4220group\Rails Code\SAGE\Debug\TetherCamera1.obj
D:\4220group\Rails Code\SAGE\Debug\textParser.obj
D:\4220group\Rails Code\SAGE\Debug\TextureCacheEntry.obj
D:\4220group\Rails Code\SAGE\Debug\tinystr.obj
D:\4220group\Rails Code\SAGE\Debug\tinyxml.obj
D:\4220group\Rails Code\SAGE\Debug\tinyxmlerror.obj
D:\4220group\Rails Code\SAGE\Debug\tinyxmlparser.obj
D:\4220group\Rails Code\SAGE\Debug\TriMesh.obj
D:\4220group\Rails Code\SAGE\Debug\VertexBufferBase.obj
D:\4220group\Rails Code\SAGE\Debug\Water.obj
D:\4220group\Rails Code\SAGE\Debug\WindowsWrapper.obj
D:\4220group\Rails Code\SAGE\Debug\cl.command.1.tlog
D:\4220group\Rails Code\SAGE\Debug\CL.read.1.tlog
D:\4220group\Rails Code\SAGE\Debug\CL.write.1.tlog
D:\4220group\Rails Code\SAGE\Debug\Lib-link.read.1.tlog
D:\4220group\Rails Code\SAGE\Debug\Lib-link.write.1.tlog
D:\4220group\Rails Code\SAGE\Debug\lib.command.1.tlog
D:\4220group\Rails Code\SAGE\Debug\vc110.idb
D:\4220group\Rails Code\SAGE\Debug\vc110.pdb
D:\4220group\Rails Code\SAGE\Debug\Sage.lib
